SMC_RMI_REALM_CREATE          167bf000 167ca000 > RMI_SUCCESS
SMC_RMI_REC_AUX_COUNT         167bf000 > RMI_SUCCESS 10
SMC_RMI_RTT_INIT_RIPAS        167bf000 80000000 a0000000 > RMI_ERROR_RTT 1
SMC_RMI_REC_CREATE            167bf000 3fa14000 3fa13000 > RMI_SUCCESS
SMC_RMI_REALM_ACTIVATE        167bf000 > RMI_SUCCESS
write SCTLR_EL1 <- 30500800
Unhandled write S3_3_C9_C14_0
write MAIR_EL1 <- 40044ffff
write TCR_EL1 <- 5000f2b5503510
write TTBR0_EL1 <- 822d0000
write TTBR1_EL1 <- 821ba000
write SCTLR_EL1 <- 200002034f4d91d
Caches are on now. Disable TVM trapping
PSCI_84000000                 0 0 0 0 0 0 0 > 10001 0 0 0
PSCI_84000006                 0 0 0 0 0 0 0 > ffffffffffffffff 0 0 0
PSCI_8400000a                 80000000 0 0 0 0 0 0 > 0 0 0 0
SMC_80000000                  0 0 0 0 0 0 0 > 10002 0 0 0
SMC_84000050                  1 0 0 ffff80008303d000 ffff800083269000 0 0 > ffffffffffffffff 0 0 0
SMC_80000001                  80000002 10002 0 ffff80008303d000 ffff800083269000 ffff800081f10000 ffff800081f10928 > ffffffffffffffff 0 0 0
PSCI_8400000a                 c4000001 0 0 0 0 0 0 > 0 0 0 0
PSCI_8400000a                 c400000e 0 0 0 0 0 0 > ffffffffffffffff 0 0 0
PSCI_8400000a                 c4000012 0 0 0 0 0 0 > ffffffffffffffff 0 0 0
SMC_RSI_VERSION               10000 > RSI_SUCCESS 10000 10000
SMC_RSI_REALM_CONFIG          833c5000 > RSI_SUCCESS
SMC_RSI_IPA_STATE_SET         81600000 a0000000 1 0 > RSI_SUCCESS a0000000 0
SMC_80000001                  80003fff 0 200000 f0000f 0 410fd050 f > ffffffffffffffff 0 0 0
SMC_RSI_IPA_STATE_SET         99400000 9d400000 0 1 > RSI_SUCCESS 9d400000 0
SMC_RMI_DATA_DESTROY          167bf000 99400000 > RMI_ERROR_RTT 3 0 99600000
SMC_RMI_DATA_DESTROY          167bf000 99600000 > RMI_ERROR_RTT 3 0 99800000
SMC_RMI_DATA_DESTROY          167bf000 99800000 > RMI_ERROR_RTT 3 0 99a00000
SMC_RMI_DATA_DESTROY          167bf000 99a00000 > RMI_ERROR_RTT 3 0 99c00000
SMC_RMI_DATA_DESTROY          167bf000 99c00000 > RMI_ERROR_RTT 3 0 99e00000
SMC_RMI_DATA_DESTROY          167bf000 99e00000 > RMI_ERROR_RTT 3 0 9a000000
SMC_RMI_DATA_DESTROY          167bf000 9a000000 > RMI_ERROR_RTT 3 0 9a200000
SMC_RMI_DATA_DESTROY          167bf000 9a200000 > RMI_ERROR_RTT 3 0 9a400000
SMC_RMI_DATA_DESTROY          167bf000 9a400000 > RMI_ERROR_RTT 3 0 9a600000
SMC_RMI_DATA_DESTROY          167bf000 9a600000 > RMI_ERROR_RTT 3 0 9a800000
SMC_RMI_DATA_DESTROY          167bf000 9a800000 > RMI_ERROR_RTT 3 0 9aa00000
SMC_RMI_DATA_DESTROY          167bf000 9aa00000 > RMI_ERROR_RTT 3 0 9ac00000
SMC_RMI_DATA_DESTROY          167bf000 9ac00000 > RMI_ERROR_RTT 3 0 9ae00000
SMC_RMI_DATA_DESTROY          167bf000 9ae00000 > RMI_ERROR_RTT 3 0 9b000000
SMC_RMI_DATA_DESTROY          167bf000 9b000000 > RMI_ERROR_RTT 3 0 9b200000
SMC_RMI_DATA_DESTROY          167bf000 9b200000 > RMI_ERROR_RTT 3 0 9b400000
SMC_RMI_DATA_DESTROY          167bf000 9b400000 > RMI_ERROR_RTT 3 0 9b600000
SMC_RMI_DATA_DESTROY          167bf000 9b600000 > RMI_ERROR_RTT 3 0 9b800000
SMC_RMI_DATA_DESTROY          167bf000 9b800000 > RMI_ERROR_RTT 3 0 9ba00000
SMC_RMI_DATA_DESTROY          167bf000 9ba00000 > RMI_ERROR_RTT 3 0 9bc00000
SMC_RMI_DATA_DESTROY          167bf000 9bc00000 > RMI_ERROR_RTT 3 0 9be00000
SMC_RMI_DATA_DESTROY          167bf000 9be00000 > RMI_ERROR_RTT 3 0 9c000000
SMC_RMI_DATA_DESTROY          167bf000 9c000000 > RMI_ERROR_RTT 3 0 9c200000
SMC_RMI_DATA_DESTROY          167bf000 9c200000 > RMI_ERROR_RTT 3 0 9c400000
SMC_RMI_DATA_DESTROY          167bf000 9c400000 > RMI_ERROR_RTT 3 0 9c600000
SMC_RMI_DATA_DESTROY          167bf000 9c600000 > RMI_ERROR_RTT 3 0 9c800000
SMC_RMI_DATA_DESTROY          167bf000 9c800000 > RMI_ERROR_RTT 3 0 9ca00000
SMC_RMI_DATA_DESTROY          167bf000 9ca00000 > RMI_ERROR_RTT 3 0 9cc00000
SMC_RMI_DATA_DESTROY          167bf000 9cc00000 > RMI_ERROR_RTT 3 0 9ce00000
SMC_RMI_DATA_DESTROY          167bf000 9ce00000 > RMI_ERROR_RTT 3 0 9d000000
SMC_RMI_DATA_DESTROY          167bf000 9d000000 > RMI_ERROR_RTT 3 0 9d200000
SMC_RMI_DATA_DESTROY          167bf000 9d200000 > RMI_ERROR_RTT 3 0 9d400000
SMC_RSI_IPA_STATE_GET         3fff0000 40000000 > RSI_SUCCESS 40000000 0
SMC_RSI_IPA_STATE_GET         3ffd0000 3fff0000 > RSI_SUCCESS 3fff0000 0
SMC_80000001                  c5000020 10624dd3 0 0 ffff00001ff09788 0 0 > ffffffffffffffff 0 0 0
SMC_RSI_IPA_STATE_SET         9d400000 9d420000 0 1 > RSI_SUCCESS 9d420000 0
SMC_RMI_DATA_DESTROY          167bf000 9d400000 > RMI_ERROR_RTT 3 0 9d600000
SMC_RSI_IPA_STATE_SET         9d420000 9d440000 0 1 > RSI_SUCCESS 9d440000 0
SMC_RMI_DATA_DESTROY          167bf000 9d420000 > RMI_ERROR_RTT 3 0 9d600000
SMC_RSI_IPA_STATE_SET         9d440000 9d460000 0 1 > RSI_SUCCESS 9d460000 0
SMC_RMI_DATA_DESTROY          167bf000 9d440000 > RMI_ERROR_RTT 3 0 9d600000
SMC_RSI_IPA_STATE_GET         4000c000 4000d000 > RSI_SUCCESS 4000d000 0
SMC_RSI_IPA_STATE_GET         40000000 40001000 > RSI_SUCCESS 40001000 0
SMC_RSI_IPA_STATE_GET         40001000 40002000 > RSI_SUCCESS 40002000 0
SMC_RSI_IPA_STATE_GET         40002000 40003000 > RSI_SUCCESS 40003000 0
SMC_RSI_IPA_STATE_GET         40003000 40004000 > RSI_SUCCESS 40004000 0
SMC_RSI_IPA_STATE_GET         40004000 40005000 > RSI_SUCCESS 40005000 0
SMC_RSI_IPA_STATE_GET         40005000 40006000 > RSI_SUCCESS 40006000 0
SMC_RSI_IPA_STATE_GET         40006000 40007000 > RSI_SUCCESS 40007000 0
SMC_RSI_IPA_STATE_GET         40007000 40008000 > RSI_SUCCESS 40008000 0
SMC_RSI_IPA_STATE_GET         40008000 40009000 > RSI_SUCCESS 40009000 0
SMC_RSI_IPA_STATE_GET         40009000 4000a000 > RSI_SUCCESS 4000a000 0
SMC_RSI_IPA_STATE_GET         4000a000 4000b000 > RSI_SUCCESS 4000b000 0
SMC_RSI_IPA_STATE_GET         4000b000 4000c000 > RSI_SUCCESS 4000c000 0
SMC_RSI_IPA_STATE_SET         9d460000 9d463000 0 1 > RSI_SUCCESS 9d463000 0
SMC_RMI_DATA_DESTROY          167bf000 9d460000 > RMI_ERROR_RTT 3 0 9d600000
SMC_RMI_DATA_DESTROY          167bf000 9d460000 > RMI_ERROR_RTT 3 0 9d600000
SMC_RSI_IPA_STATE_SET         9d464000 9d467000 0 1 > RSI_SUCCESS 9d467000 0
SMC_RMI_DATA_DESTROY          167bf000 9d464000 > RMI_ERROR_RTT 3 0 9d600000
SMC_RMI_DATA_DESTROY          167bf000 9d464000 > RMI_ERROR_RTT 3 0 9d600000
SMC_RSI_IPA_STATE_SET         9d468000 9d46b000 0 1 > RSI_SUCCESS 9d46b000 0
SMC_RMI_DATA_DESTROY          167bf000 9d468000 > RMI_ERROR_RTT 3 0 9d600000
SMC_RMI_DATA_DESTROY          167bf000 9d468000 > RMI_ERROR_RTT 3 0 9d600000
SMC_RSI_IPA_STATE_SET         9d46c000 9d46f000 0 1 > RSI_SUCCESS 9d46f000 0
SMC_RMI_DATA_DESTROY          167bf000 9d46c000 > RMI_ERROR_RTT 3 0 9d600000
SMC_RMI_DATA_DESTROY          167bf000 9d46c000 > RMI_ERROR_RTT 3 0 9d600000
SMC_RSI_IPA_STATE_SET         9d470000 9d473000 0 1 > RSI_SUCCESS 9d473000 0
SMC_RMI_DATA_DESTROY          167bf000 9d470000 > RMI_ERROR_RTT 3 0 9d600000
SMC_RMI_DATA_DESTROY          167bf000 9d470000 > RMI_ERROR_RTT 3 0 9d600000
SMC_RSI_IPA_STATE_SET         9d474000 9d477000 0 1 > RSI_SUCCESS 9d477000 0
SMC_RMI_DATA_DESTROY          167bf000 9d474000 > RMI_ERROR_RTT 3 0 9d600000
SMC_RMI_DATA_DESTROY          167bf000 9d474000 > RMI_ERROR_RTT 3 0 9d600000
SMC_RSI_IPA_STATE_SET         9d478000 9d47b000 0 1 > RSI_SUCCESS 9d47b000 0
SMC_RMI_DATA_DESTROY          167bf000 9d478000 > RMI_ERROR_RTT 3 0 9d600000
SMC_RMI_DATA_DESTROY          167bf000 9d478000 > RMI_ERROR_RTT 3 0 9d600000
SMC_RSI_IPA_STATE_SET         9d47c000 9d47f000 0 1 > RSI_SUCCESS 9d47f000 0
SMC_RMI_DATA_DESTROY          167bf000 9d47c000 > RMI_ERROR_RTT 3 0 9d600000
SMC_RMI_DATA_DESTROY          167bf000 9d47c000 > RMI_ERROR_RTT 3 0 9d600000
SMC_RSI_IPA_STATE_SET         9d480000 9d483000 0 1 > RSI_SUCCESS 9d483000 0
SMC_RMI_DATA_DESTROY          167bf000 9d480000 > RMI_ERROR_RTT 3 0 9d600000
SMC_RMI_DATA_DESTROY          167bf000 9d480000 > RMI_ERROR_RTT 3 0 9d600000
SMC_RSI_IPA_STATE_SET         9d484000 9d487000 0 1 > RSI_SUCCESS 9d487000 0
SMC_RMI_DATA_DESTROY          167bf000 9d484000 > RMI_ERROR_RTT 3 0 9d600000
SMC_RMI_DATA_DESTROY          167bf000 9d484000 > RMI_ERROR_RTT 3 0 9d600000
SMC_RSI_IPA_STATE_SET         9d488000 9d48b000 0 1 > RSI_SUCCESS 9d48b000 0
SMC_RMI_DATA_DESTROY          167bf000 9d488000 > RMI_ERROR_RTT 3 0 9d600000
SMC_RMI_DATA_DESTROY          167bf000 9d488000 > RMI_ERROR_RTT 3 0 9d600000
SMC_RSI_IPA_STATE_GET         4000c000 4000d000 > RSI_SUCCESS 4000d000 0
SMC_RSI_IPA_STATE_SET         9d48c000 9d48f000 0 1 > RSI_SUCCESS 9d48f000 0
SMC_RMI_DATA_DESTROY          167bf000 9d48c000 > RMI_ERROR_RTT 3 0 9d600000
SMC_RMI_DATA_DESTROY          167bf000 9d48c000 > RMI_ERROR_RTT 3 0 9d600000
SMC_RSI_IPA_STATE_SET         9d490000 9d493000 0 1 > RSI_SUCCESS 9d493000 0
SMC_RMI_DATA_DESTROY          167bf000 9d490000 > RMI_ERROR_RTT 3 0 9d600000
SMC_RMI_DATA_DESTROY          167bf000 9d490000 > RMI_ERROR_RTT 3 0 9d600000
SMC_RSI_IPA_STATE_SET         9d494000 9d497000 0 1 > RSI_SUCCESS 9d497000 0
SMC_RMI_DATA_DESTROY          167bf000 9d494000 > RMI_ERROR_RTT 3 0 9d600000
SMC_RMI_DATA_DESTROY          167bf000 9d494000 > RMI_ERROR_RTT 3 0 9d600000
[  134.963301] coco0: port 2(veth68c03457) entered blocking state
[  134.963854] coco0: port 2(veth68c03457) entered disabled state
[  134.969400] veth68c03457: entered allmulticast mode
[  134.971663] veth68c03457: entered promiscuous mode
[  135.004656] coco0: port 2(veth68c03457) entered blocking state
[  135.005183] coco0: port 2(veth68c03457) entered forwarding state
SMC_RMI_REALM_CREATE          54d86000 54cdf000 > RMI_SUCCESS
SMC_RMI_REC_AUX_COUNT         54d86000 > RMI_SUCCESS 10
SMC_RMI_RTT_INIT_RIPAS        54d86000 80000000 a0000000 > RMI_ERROR_RTT 1
SMC_RMI_REC_CREATE            54d86000 5b0e2000 5b0e1000 > RMI_SUCCESS
SMC_RMI_REALM_ACTIVATE        54d86000 > RMI_SUCCESS
write SCTLR_EL1 <- 30500800
Unhandled write S3_3_C9_C14_0
write MAIR_EL1 <- 40044ffff
write TCR_EL1 <- 5000f2b5503510
write TTBR0_EL1 <- 822d0000
write TTBR1_EL1 <- 821ba000
write SCTLR_EL1 <- 200002034f4d91d
Caches are on now. Disable TVM trapping
PSCI_84000000                 0 0 0 0 0 0 0 > 10001 0 0 0
PSCI_84000006                 0 0 0 0 0 0 0 > ffffffffffffffff 0 0 0
PSCI_8400000a                 80000000 0 0 0 0 0 0 > 0 0 0 0
SMC_80000000                  0 0 0 0 0 0 0 > 10002 0 0 0
SMC_84000050                  1 0 0 ffff80008303d000 ffff800083269000 0 0 > ffffffffffffffff 0 0 0
SMC_80000001                  80000002 10002 0 ffff80008303d000 ffff800083269000 ffff800081f10000 ffff800081f10928 > ffffffffffffffff 0 0 0
PSCI_8400000a                 c4000001 0 0 0 0 0 0 > 0 0 0 0
PSCI_8400000a                 c400000e 0 0 0 0 0 0 > ffffffffffffffff 0 0 0
PSCI_8400000a                 c4000012 0 0 0 0 0 0 > ffffffffffffffff 0 0 0
SMC_RSI_VERSION               10000 > RSI_SUCCESS 10000 10000
SMC_RSI_REALM_CONFIG          833c5000 > RSI_SUCCESS
SMC_RSI_IPA_STATE_SET         81600000 a0000000 1 0 > RSI_SUCCESS a0000000 0
SMC_80000001                  80003fff 0 200000 f0000f 0 410fd050 f > ffffffffffffffff 0 0 0
SMC_RSI_IPA_STATE_SET         99400000 9d400000 0 1 > RSI_SUCCESS 9d400000 0
SMC_RMI_DATA_DESTROY          54d86000 99400000 > RMI_ERROR_RTT 3 0 99600000
SMC_RMI_DATA_DESTROY          54d86000 99600000 > RMI_ERROR_RTT 3 0 99800000
SMC_RMI_DATA_DESTROY          54d86000 99800000 > RMI_ERROR_RTT 3 0 99a00000
SMC_RMI_DATA_DESTROY          54d86000 99a00000 > RMI_ERROR_RTT 3 0 99c00000
SMC_RMI_DATA_DESTROY          54d86000 99c00000 > RMI_ERROR_RTT 3 0 99e00000
SMC_RMI_DATA_DESTROY          54d86000 99e00000 > RMI_ERROR_RTT 3 0 9a000000
SMC_RMI_DATA_DESTROY          54d86000 9a000000 > RMI_ERROR_RTT 3 0 9a200000
SMC_RMI_DATA_DESTROY          54d86000 9a200000 > RMI_ERROR_RTT 3 0 9a400000
SMC_RMI_DATA_DESTROY          54d86000 9a400000 > RMI_ERROR_RTT 3 0 9a600000
SMC_RMI_DATA_DESTROY          54d86000 9a600000 > RMI_ERROR_RTT 3 0 9a800000
SMC_RMI_DATA_DESTROY          54d86000 9a800000 > RMI_ERROR_RTT 3 0 9aa00000
SMC_RMI_DATA_DESTROY          54d86000 9aa00000 > RMI_ERROR_RTT 3 0 9ac00000
SMC_RMI_DATA_DESTROY          54d86000 9ac00000 > RMI_ERROR_RTT 3 0 9ae00000
SMC_RMI_DATA_DESTROY          54d86000 9ae00000 > RMI_ERROR_RTT 3 0 9b000000
SMC_RMI_DATA_DESTROY          54d86000 9b000000 > RMI_ERROR_RTT 3 0 9b200000
SMC_RMI_DATA_DESTROY          54d86000 9b200000 > RMI_ERROR_RTT 3 0 9b400000
SMC_RMI_DATA_DESTROY          54d86000 9b400000 > RMI_ERROR_RTT 3 0 9b600000
SMC_RMI_DATA_DESTROY          54d86000 9b600000 > RMI_ERROR_RTT 3 0 9b800000
SMC_RMI_DATA_DESTROY          54d86000 9b800000 > RMI_ERROR_RTT 3 0 9ba00000
SMC_RMI_DATA_DESTROY          54d86000 9ba00000 > RMI_ERROR_RTT 3 0 9bc00000
SMC_RMI_DATA_DESTROY          54d86000 9bc00000 > RMI_ERROR_RTT 3 0 9be00000
SMC_RMI_DATA_DESTROY          54d86000 9be00000 > RMI_ERROR_RTT 3 0 9c000000
SMC_RMI_DATA_DESTROY          54d86000 9c000000 > RMI_ERROR_RTT 3 0 9c200000
SMC_RMI_DATA_DESTROY          54d86000 9c200000 > RMI_ERROR_RTT 3 0 9c400000
SMC_RMI_DATA_DESTROY          54d86000 9c400000 > RMI_ERROR_RTT 3 0 9c600000
SMC_RMI_DATA_DESTROY          54d86000 9c600000 > RMI_ERROR_RTT 3 0 9c800000
SMC_RMI_DATA_DESTROY          54d86000 9c800000 > RMI_ERROR_RTT 3 0 9ca00000
SMC_RMI_DATA_DESTROY          54d86000 9ca00000 > RMI_ERROR_RTT 3 0 9cc00000
SMC_RMI_DATA_DESTROY          54d86000 9cc00000 > RMI_ERROR_RTT 3 0 9ce00000
SMC_RMI_DATA_DESTROY          54d86000 9ce00000 > RMI_ERROR_RTT 3 0 9d000000
SMC_RMI_DATA_DESTROY          54d86000 9d000000 > RMI_ERROR_RTT 3 0 9d200000
SMC_RMI_DATA_DESTROY          54d86000 9d200000 > RMI_ERROR_RTT 3 0 9d400000
SMC_RSI_IPA_STATE_GET         3fff0000 40000000 > RSI_SUCCESS 40000000 0
SMC_RSI_IPA_STATE_GET         3ffd0000 3fff0000 > RSI_SUCCESS 3fff0000 0
SMC_80000001                  c5000020 10624dd3 0 0 ffff00001ff09788 0 0 > ffffffffffffffff 0 0 0
SMC_RSI_IPA_STATE_SET         9d400000 9d420000 0 1 > RSI_SUCCESS 9d420000 0
SMC_RMI_DATA_DESTROY          54d86000 9d400000 > RMI_ERROR_RTT 3 0 9d600000
SMC_RSI_IPA_STATE_SET         9d420000 9d440000 0 1 > RSI_SUCCESS 9d440000 0
SMC_RMI_DATA_DESTROY          54d86000 9d420000 > RMI_ERROR_RTT 3 0 9d600000
SMC_RSI_IPA_STATE_SET         9d440000 9d460000 0 1 > RSI_SUCCESS 9d460000 0
SMC_RMI_DATA_DESTROY          54d86000 9d440000 > RMI_ERROR_RTT 3 0 9d600000
SMC_RSI_IPA_STATE_GET         4000c000 4000d000 > RSI_SUCCESS 4000d000 0
SMC_RSI_IPA_STATE_GET         40000000 40001000 > RSI_SUCCESS 40001000 0
SMC_RSI_IPA_STATE_GET         40001000 40002000 > RSI_SUCCESS 40002000 0
SMC_RSI_IPA_STATE_GET         40002000 40003000 > RSI_SUCCESS 40003000 0
SMC_RSI_IPA_STATE_GET         40003000 40004000 > RSI_SUCCESS 40004000 0
SMC_RSI_IPA_STATE_GET         40004000 40005000 > RSI_SUCCESS 40005000 0
SMC_RSI_IPA_STATE_GET         40005000 40006000 > RSI_SUCCESS 40006000 0
SMC_RSI_IPA_STATE_GET         40006000 40007000 > RSI_SUCCESS 40007000 0
SMC_RSI_IPA_STATE_GET         40007000 40008000 > RSI_SUCCESS 40008000 0
SMC_RSI_IPA_STATE_GET         40008000 40009000 > RSI_SUCCESS 40009000 0
SMC_RSI_IPA_STATE_GET         40009000 4000a000 > RSI_SUCCESS 4000a000 0
SMC_RSI_IPA_STATE_GET         4000a000 4000b000 > RSI_SUCCESS 4000b000 0
SMC_RSI_IPA_STATE_GET         4000b000 4000c000 > RSI_SUCCESS 4000c000 0
SMC_RSI_IPA_STATE_SET         9d460000 9d463000 0 1 > RSI_SUCCESS 9d463000 0
SMC_RMI_DATA_DESTROY          54d86000 9d460000 > RMI_ERROR_RTT 3 0 9d600000
SMC_RMI_DATA_DESTROY          54d86000 9d460000 > RMI_ERROR_RTT 3 0 9d600000
SMC_RSI_IPA_STATE_SET         9d464000 9d467000 0 1 > RSI_SUCCESS 9d467000 0
SMC_RMI_DATA_DESTROY          54d86000 9d464000 > RMI_ERROR_RTT 3 0 9d600000
SMC_RMI_DATA_DESTROY          54d86000 9d464000 > RMI_ERROR_RTT 3 0 9d600000
SMC_RSI_IPA_STATE_SET         9d468000 9d46b000 0 1 > RSI_SUCCESS 9d46b000 0
SMC_RMI_DATA_DESTROY          54d86000 9d468000 > RMI_ERROR_RTT 3 0 9d600000
SMC_RMI_DATA_DESTROY          54d86000 9d468000 > RMI_ERROR_RTT 3 0 9d600000
SMC_RSI_IPA_STATE_SET         9d46c000 9d46f000 0 1 > RSI_SUCCESS 9d46f000 0
SMC_RMI_DATA_DESTROY          54d86000 9d46c000 > RMI_ERROR_RTT 3 0 9d600000
SMC_RMI_DATA_DESTROY          54d86000 9d46c000 > RMI_ERROR_RTT 3 0 9d600000
SMC_RSI_IPA_STATE_SET         9d470000 9d473000 0 1 > RSI_SUCCESS 9d473000 0
SMC_RMI_DATA_DESTROY          54d86000 9d470000 > RMI_ERROR_RTT 3 0 9d600000
SMC_RMI_DATA_DESTROY          54d86000 9d470000 > RMI_ERROR_RTT 3 0 9d600000
SMC_RSI_IPA_STATE_SET         9d474000 9d477000 0 1 > RSI_SUCCESS 9d477000 0
SMC_RMI_DATA_DESTROY          54d86000 9d474000 > RMI_ERROR_RTT 3 0 9d600000
SMC_RMI_DATA_DESTROY          54d86000 9d474000 > RMI_ERROR_RTT 3 0 9d600000
SMC_RSI_IPA_STATE_SET         9d478000 9d47b000 0 1 > RSI_SUCCESS 9d47b000 0
SMC_RMI_DATA_DESTROY          54d86000 9d478000 > RMI_ERROR_RTT 3 0 9d600000
SMC_RMI_DATA_DESTROY          54d86000 9d478000 > RMI_ERROR_RTT 3 0 9d600000
SMC_RSI_IPA_STATE_SET         9d47c000 9d47f000 0 1 > RSI_SUCCESS 9d47f000 0
SMC_RMI_DATA_DESTROY          54d86000 9d47c000 > RMI_ERROR_RTT 3 0 9d600000
SMC_RMI_DATA_DESTROY          54d86000 9d47c000 > RMI_ERROR_RTT 3 0 9d600000
SMC_RSI_IPA_STATE_SET         9d480000 9d483000 0 1 > RSI_SUCCESS 9d483000 0
SMC_RMI_DATA_DESTROY          54d86000 9d480000 > RMI_ERROR_RTT 3 0 9d600000
SMC_RMI_DATA_DESTROY          54d86000 9d480000 > RMI_ERROR_RTT 3 0 9d600000
SMC_RSI_IPA_STATE_SET         9d484000 9d487000 0 1 > RSI_SUCCESS 9d487000 0
SMC_RMI_DATA_DESTROY          54d86000 9d484000 > RMI_ERROR_RTT 3 0 9d600000
SMC_RMI_DATA_DESTROY          54d86000 9d484000 > RMI_ERROR_RTT 3 0 9d600000
SMC_RSI_IPA_STATE_SET         9d488000 9d48b000 0 1 > RSI_SUCCESS 9d48b000 0
SMC_RMI_DATA_DESTROY          54d86000 9d488000 > RMI_ERROR_RTT 3 0 9d600000
SMC_RMI_DATA_DESTROY          54d86000 9d488000 > RMI_ERROR_RTT 3 0 9d600000
SMC_RSI_IPA_STATE_GET         4000c000 4000d000 > RSI_SUCCESS 4000d000 0
SMC_RSI_IPA_STATE_SET         9d48c000 9d48f000 0 1 > RSI_SUCCESS 9d48f000 0
SMC_RMI_DATA_DESTROY          54d86000 9d48c000 > RMI_ERROR_RTT 3 0 9d600000
SMC_RMI_DATA_DESTROY          54d86000 9d48c000 > RMI_ERROR_RTT 3 0 9d600000
SMC_RSI_IPA_STATE_SET         9d490000 9d493000 0 1 > RSI_SUCCESS 9d493000 0
SMC_RMI_DATA_DESTROY          54d86000 9d490000 > RMI_ERROR_RTT 3 0 9d600000
SMC_RMI_DATA_DESTROY          54d86000 9d490000 > RMI_ERROR_RTT 3 0 9d600000
SMC_RSI_IPA_STATE_SET         9d494000 9d497000 0 1 > RSI_SUCCESS 9d497000 0
SMC_RMI_DATA_DESTROY          54d86000 9d494000 > RMI_ERROR_RTT 3 0 9d600000
SMC_RMI_DATA_DESTROY          54d86000 9d494000 > RMI_ERROR_RTT 3 0 9d600000
GET RD ADDR 0x167bf000
SMC_RSI_GET_RD_ADDR           > RSI_SUCCESS 167bf000 0
SMC_RSI_IMG_SHARE_CREATE      85295000 > RSI_SUCCESS 1 0
SMC_RSI_IMG_SHARE_ADD_PAGES   1 85230000 0 400 > RSI_SUCCESS 400 0
