SMC_RMI_DATA_DESTROY          5374f000 9d680000 > RMI_ERROR_RTT 3 0 9d800000
SMC_RMI_DATA_DESTROY          5374f000 9d680000 > RMI_ERROR_RTT 3 0 9d800000
SMC_RSI_IPA_STATE_GET         4000b000 4000c000 > RSI_SUCCESS 4000c000 0
SMC_RSI_IPA_STATE_SET         9d684000 9d687000 0 1 > RSI_SUCCESS 9d687000 0
SMC_RMI_DATA_DESTROY          5374f000 9d684000 > RMI_ERROR_RTT 3 0 9d800000
SMC_RMI_DATA_DESTROY          5374f000 9d684000 > RMI_ERROR_RTT 3 0 9d800000
SMC_RSI_IPA_STATE_SET         9d688000 9d68b000 0 1 > RSI_SUCCESS 9d68b000 0
SMC_RMI_DATA_DESTROY          5374f000 9d688000 > RMI_ERROR_RTT 3 0 9d800000
SMC_RMI_DATA_DESTROY          5374f000 9d688000 > RMI_ERROR_RTT 3 0 9d800000
SMC_RSI_IPA_STATE_SET         9d68c000 9d68f000 0 1 > RSI_SUCCESS 9d68f000 0
SMC_RMI_DATA_DESTROY          5374f000 9d68c000 > RMI_ERROR_RTT 3 0 9d800000
SMC_RMI_DATA_DESTROY          5374f000 9d68c000 > RMI_ERROR_RTT 3 0 9d800000
GET RD ADDR 0x40050000
SMC_RSI_GET_RD_ADDR           > RSI_SUCCESS 40050000 0
SMC_RSI_IMG_SHARE_CREATE      86c3f000 > RSI_SUCCESS 2 0
IMG_SHARE_ADD_PAGES share=2 pages=1024 list_ipa=0x84f90000
SMC_RSI_IMG_SHARE_ADD_PAGES   2 84f90000 0 400 > RSI_SUCCESS 400 0
IMG_SHARE_SEAL_ENTER share=2 meta_ipa=0x86c40000 flags=0x0 reserved=0x0
IMG_SHARE_SEAL share=2 pages=1024 meta_ipa=0x86c40000
SMC_RSI_IMG_SHARE_SEAL        2 86c40000 0 0 > RSI_SUCCESS 0
SMC_RSI_IMG_SHARE_ATTACH      2 40050000 80200000 0 40000 1 > RSI_SUCCESS 40 0
SMC_RSI_IMG_SHARE_DETACH      80200000 40000 > RSI_SUCCESS 0
SMC_RSI_IMG_SHARE_ATTACH      2 40050000 80200000 134000 40000 1 > RSI_SUCCESS 40 0
SMC_RMI_DATA_DESTROY          40050000 0 > RMI_ERROR_RTT 1 0 80000000
SMC_RMI_DATA_DESTROY          40050000 80000000 > RMI_ERROR_RTT 2 0 80200000
SMC_RMI_DATA_DESTROY          40050000 84600000 > RMI_ERROR_RTT 2 0 84800000
Assertion "g_data != NULL" failed /home/mzh/RK3588/COCO/opencca/tf-rmm/runtime/rmi/rtt.c:1113