MC_RSI_IMG_SHARE_DETACH      80200000 1000 > RSI_SUCCESS 0
SMC_RSI_IMG_SHARE_ATTACH      1 33cc2000 80200000 102000 1000 1 > RSI_SUCCESS 1 0
SMC_RSI_IMG_SHARE_DETACH      80200000 1000 > RSI_SUCCESS 0
SMC_RSI_IMG_SHARE_ATTACH      1 33cc2000 80200000 103000 1000 1 > RSI_SUCCESS 1 0
SMC_RSI_IMG_SHARE_DETACH      80200000 1000 > RSI_SUCCESS 0
SMC_RSI_IMG_SHARE_ATTACH      1 33cc2000 80200000 104000 1000 1 > RSI_SUCCESS 1 0
SMC_RSI_IMG_SHARE_DETACH      80200000 1000 > RSI_SUCCESS 0
SMC_RSI_IMG_SHARE_ATTACH      1 33cc2000 80200000 105000 1000 1 > RSI_SUCCESS 1 0
SMC_RSI_IMG_SHARE_DETACH      80200000 1000 > RSI_SUCCESS 0
SMC_RSI_IMG_SHARE_ATTACH      1 33cc2000 80200000 106000 1000 1 > RSI_SUCCESS 1 0
SMC_RSI_IMG_SHARE_DETACH      80200000 1000 > RSI_SUCCESS 0
SMC_RSI_IMG_SHARE_ATTACH      1 33cc2000 80200000 107000 1000 1 > RSI_SUCCESS 1 0
SMC_RSI_IMG_SHARE_DETACH      80200000 1000 > RSI_SUCCESS 0
SMC_RSI_IMG_SHARE_ATTACH      1 33cc2000 80200000 108000 1000 1 > RSI_SUCCESS 1 0
SMC_RSI_IMG_SHARE_DETACH      80200000 1000 > RSI_SUCCESS 0
SMC_RSI_IMG_SHARE_ATTACH      1 33cc2000 80200000 109000 1000 1 > RSI_SUCCESS 1 0
SMC_RSI_IMG_SHARE_DETACH      80200000 1000 > RSI_SUCCESS 0
SMC_RSI_IMG_SHARE_ATTACH      1 33cc2000 80200000 10a000 1000 1 > RSI_SUCCESS 1 0
SMC_RSI_IMG_SHARE_DETACH      80200000 1000 > RSI_SUCCESS 0
SMC_RSI_IMG_SHARE_ATTACH      1 33cc2000 80200000 10b000 1000 1 > RSI_SUCCESS 1 0
SMC_RSI_IMG_SHARE_DETACH      80200000 1000 > RSI_SUCCESS 0
SMC_RSI_IMG_SHARE_ATTACH      1 33cc2000 80200000 10c000 1000 1 > RSI_SUCCESS 1 0
SMC_RSI_IMG_SHARE_DETACH      80200000 1000 > RSI_SUCCESS 0
SMC_RSI_IMG_SHARE_ATTACH      1 33cc2000 80200000 10d000 1000 1 > RSI_SUCCESS 1 0
SMC_RSI_IMG_SHARE_DETACH      80200000 1000 > RSI_SUCCESS 0
SMC_RSI_IMG_SHARE_ATTACH      1 33cc2000 80200000 10e000 1000 1 > RSI_SUCCESS 1 0
SMC_RSI_IMG_SHARE_DETACH      80200000 1000 > RSI_SUCCESS 0
SMC_RSI_IMG_SHARE_ATTACH      1 33cc2000 80200000 10f000 1000 1 > RSI_SUCCESS 1 0
SMC_RSI_IMG_SHARE_DETACH      80200000 1000 > RSI_SUCCESS 0
SMC_RSI_IMG_SHARE_ATTACH      1 33cc2000 80200000 110000 1000 1 > RSI_SUCCESS 1 0
SMC_RSI_IMG_SHARE_DETACH      80200000 1000 > RSI_SUCCESS 0
SMC_RSI_IMG_SHARE_ATTACH      1 33cc2000 80200000 111000 1000 1 > RSI_SUCCESS 1 0
SMC_RSI_IMG_SHARE_DETACH      80200000 1000 > RSI_SUCCESS 0
SMC_RSI_IMG_SHARE_ATTACH      1 33cc2000 80200000 112000 1000 1 > RSI_SUCCESS 1 0
SMC_RSI_IMG_SHARE_DETACH      80200000 1000 > RSI_SUCCESS 0
SMC_RSI_IMG_SHARE_ATTACH      1 33cc2000 80200000 6f000 1000 1 > RSI_SUCCESS 1 0
SMC_RSI_IMG_SHARE_DETACH      80200000 1000 > RSI_SUCCESS 0
SMC_RSI_IMG_SHARE_ATTACH      1 33cc2000 80200000 70000 1000 1 > RSI_SUCCESS 1 0
SMC_RSI_IMG_SHARE_DETACH      80200000 1000 > RSI_SUCCESS 0
SMC_RSI_IMG_SHARE_ATTACH      1 33cc2000 80200000 71000 1000 1 > RSI_SUCCESS 1 0
SMC_RSI_IMG_SHARE_DETACH      80200000 1000 > RSI_SUCCESS 0
SMC_RSI_IMG_SHARE_ATTACH      1 33cc2000 80200000 72000 1000 1 > RSI_SUCCESS 1 0
SMC_RSI_IMG_SHARE_DETACH      80200000 1000 > RSI_SUCCESS 0
SMC_RSI_IMG_SHARE_ATTACH      1 33cc2000 80200000 73000 1000 1 > RSI_SUCCESS 1 0
SMC_RSI_IMG_SHARE_DETACH      80200000 1000 > RSI_SUCCESS 0
SMC_RSI_IMG_SHARE_ATTACH      1 33cc2000 80200000 74000 1000 1 > RSI_SUCCESS 1 0
SMC_RSI_IMG_SHARE_DETACH      80200000 1000 > RSI_SUCCESS 0
SMC_RSI_IMG_SHARE_ATTACH      1 33cc2000 80200000 75000 1000 1 > RSI_SUCCESS 1 0
SMC_RSI_IMG_SHARE_DETACH      80200000 1000 > RSI_SUCCESS 0
SMC_RSI_IMG_SHARE_ATTACH      1 33cc2000 80200000 76000 1000 1 > RSI_SUCCESS 1 0
SMC_RSI_IMG_SHARE_DETACH      80200000 1000 > RSI_SUCCESS 0
SMC_RSI_IMG_SHARE_ATTACH      1 33cc2000 80200000 77000 1000 1 > RSI_SUCCESS 1 0
SMC_RSI_IMG_SHARE_DETACH      80200000 1000 > RSI_SUCCESS 0
SMC_RSI_IMG_SHARE_ATTACH      1 33cc2000 80200000 78000 1000 1 > RSI_SUCCESS 1 0
SMC_RSI_IMG_SHARE_DETACH      80200000 1000 > RSI_SUCCESS 0
SMC_RSI_IMG_SHARE_ATTACH      1 33cc2000 80200000 79000 1000 1 > RSI_SUCCESS 1 0
SMC_RSI_IMG_SHARE_DETACH      80200000 1000 > RSI_SUCCESS 0
SMC_RSI_IMG_SHARE_ATTACH      1 33cc2000 80200000 7a000 1000 1 > RSI_SUCCESS 1 0
SMC_RSI_IMG_SHARE_DETACH      80200000 1000 > RSI_SUCCESS 0
SMC_RSI_IMG_SHARE_ATTACH      1 33cc2000 80200000 7b000 1000 1 > RSI_SUCCESS 1 0
SMC_RSI_IMG_SHARE_DETACH      80200000 1000 > RSI_SUCCESS 0
SMC_RSI_IMG_SHARE_ATTACH      1 33cc2000 80200000 7c000 1000 1 > RSI_SUCCESS 1 0
SMC_RSI_IMG_SHARE_DETACH      80200000 1000 > RSI_SUCCESS 0
SMC_RSI_IMG_SHARE_ATTACH      1 33cc2000 80200000 7d000 1000 1 > RSI_SUCCESS 1 0
SMC_RSI_IMG_SHARE_DETACH      80200000 1000 > RSI_SUCCESS 0
SMC_RSI_IMG_SHARE_ATTACH      1 33cc2000 80200000 7e000 1000 1 > RSI_SUCCESS 1 0
SMC_RSI_IMG_SHARE_DETACH      80200000 1000 > RSI_SUCCESS 0
SMC_RSI_IMG_SHARE_ATTACH      1 33cc2000 80200000 7f000 1000 1 > RSI_SUCCESS 1 0
SMC_RSI_IMG_SHARE_DETACH      80200000 1000 > RSI_SUCCESS 0
SMC_RSI_IMG_SHARE_ATTACH      1 33cc2000 80200000 80000 1000 1 > RSI_SUCCESS 1 0
SMC_RSI_IMG_SHARE_DETACH      80200000 1000 > RSI_SUCCESS 0
SMC_RSI_IMG_SHARE_ATTACH      1 33cc2000 80200000 81000 1000 1 > RSI_SUCCESS 1 0
SMC_RSI_IMG_SHARE_DETACH      80200000 1000 > RSI_SUCCESS 0
SMC_RSI_IMG_SHARE_ATTACH      1 33cc2000 80200000 82000 1000 1 > RSI_SUCCESS 1 0
SMC_RSI_IMG_SHARE_DETACH      80200000 1000 > RSI_SUCCESS 0
SMC_RSI_IMG_SHARE_ATTACH      1 33cc2000 80200000 83000 1000 1 > RSI_SUCCESS 1 0
SMC_RSI_IMG_SHARE_DETACH      80200000 1000 > RSI_SUCCESS 0
SMC_RSI_IMG_SHARE_ATTACH      1 33cc2000 80200000 84000 1000 1 > RSI_SUCCESS 1 0
SMC_RSI_IMG_SHARE_DETACH      80200000 1000 > RSI_SUCCESS 0
SMC_RSI_IMG_SHARE_ATTACH      1 33cc2000 80200000 85000 1000 1 > RSI_SUCCESS 1 0
SMC_RSI_IMG_SHARE_DETACH      80200000 1000 > RSI_SUCCESS 0
SMC_RSI_IMG_SHARE_ATTACH      1 33cc2000 80200000 86000 1000 1 > RSI_SUCCESS 1 0
SMC_RSI_IMG_SHARE_DETACH      80200000 1000 > RSI_SUCCESS 0
SMC_RSI_IMG_SHARE_ATTACH      1 33cc2000 80200000 87000 1000 1 > RSI_SUCCESS 1 0
SMC_RSI_IMG_SHARE_DETACH      80200000 1000 > RSI_SUCCESS 0
SMC_RSI_IMG_SHARE_ATTACH      1 33cc2000 80200000 88000 1000 1 > RSI_SUCCESS 1 0
SMC_RSI_IMG_SHARE_DETACH      80200000 1000 > RSI_SUCCESS 0
SMC_RSI_IMG_SHARE_ATTACH      1 33cc2000 80200000 89000 1000 1 > RSI_SUCCESS 1 0
SMC_RSI_IMG_SHARE_DETACH      80200000 1000 > RSI_SUCCESS 0
SMC_RSI_IMG_SHARE_ATTACH      1 33cc2000 80200000 8a000 1000 1 > RSI_SUCCESS 1 0
SMC_RSI_IMG_SHARE_DETACH      80200000 1000 > RSI_SUCCESS 0
SMC_RSI_IMG_SHARE_ATTACH      1 33cc2000 80200000 8b000 1000 1 > RSI_SUCCESS 1 0
SMC_RSI_IMG_SHARE_DETACH      80200000 1000 > RSI_SUCCESS 0
SMC_RSI_IMG_SHARE_ATTACH      1 33cc2000 80200000 8c000 1000 1 > RSI_SUCCESS 1 0
SMC_RSI_IMG_SHARE_DETACH      80200000 1000 > RSI_SUCCESS 0
SMC_RSI_IMG_SHARE_ATTACH      1 33cc2000 80200000 8d000 1000 1 > RSI_SUCCESS 1 0
SMC_RSI_IMG_SHARE_DETACH      80200000 1000 > RSI_SUCCESS 0
SMC_RSI_IMG_SHARE_ATTACH      1 33cc2000 80200000 8e000 1000 1 > RSI_SUCCESS 1 0
SMC_RSI_IMG_SHARE_DETACH      80200000 1000 > RSI_SUCCESS 0
SMC_RSI_IMG_SHARE_ATTACH      1 33cc2000 80200000 211000 1000 1 > RSI_SUCCESS 1 0
SMC_RSI_IMG_SHARE_DETACH      80200000 1000 > RSI_SUCCESS 0
SMC_RSI_IMG_SHARE_ATTACH      1 33cc2000 80200000 212000 1000 1 > RSI_SUCCESS 1 0
SMC_RSI_IMG_SHARE_DETACH      80200000 1000 > RSI_SUCCESS 0
SMC_RSI_IMG_SHARE_ATTACH      1 33cc2000 80200000 213000 1000 1 > RSI_SUCCESS 1 0
SMC_RSI_IMG_SHARE_DETACH      80200000 1000 > RSI_SUCCESS 0
SMC_RSI_IMG_SHARE_ATTACH      1 33cc2000 80200000 214000 1000 1 > RSI_SUCCESS 1 0
SMC_RSI_IMG_SHARE_DETACH      80200000 1000 > RSI_SUCCESS 0
SMC_RSI_IMG_SHARE_ATTACH      1 33cc2000 80200000 215000 1000 1 > RSI_SUCCESS 1 0
SMC_RSI_IMG_SHARE_DETACH      80200000 1000 > RSI_SUCCESS 0
SMC_RSI_IMG_SHARE_ATTACH      1 33cc2000 80200000 216000 1000 1 > RSI_SUCCESS 1 0
SMC_RSI_IMG_SHARE_DETACH      80200000 1000 > RSI_SUCCESS 0
SMC_RSI_IMG_SHARE_ATTACH      1 33cc2000 80200000 217000 1000 1 > RSI_SUCCESS 1 0
SMC_RSI_IMG_SHARE_DETACH      80200000 1000 > RSI_SUCCESS 0
SMC_RSI_IMG_SHARE_ATTACH      1 33cc2000 80200000 218000 1000 1 > RSI_SUCCESS 1 0
SMC_RSI_IMG_SHARE_DETACH      80200000 1000 > RSI_SUCCESS 0
SMC_RSI_IMG_SHARE_ATTACH      1 33cc2000 80200000 219000 1000 1 > RSI_SUCCESS 1 0
SMC_RSI_IMG_SHARE_DETACH      80200000 1000 > RSI_SUCCESS 0
SMC_RSI_IMG_SHARE_ATTACH      1 33cc2000 80200000 21a000 1000 1 > RSI_SUCCESS 1 0
SMC_RSI_IMG_SHARE_DETACH      80200000 1000 > RSI_SUCCESS 0
SMC_RSI_IMG_SHARE_ATTACH      1 33cc2000 80200000 92000 1000 1 > RSI_SUCCESS 1 0
SMC_RSI_IMG_SHARE_DETACH      80200000 1000 > RSI_SUCCESS 0
SMC_RSI_IMG_SHARE_ATTACH      1 33cc2000 80200000 93000 1000 1 > RSI_SUCCESS 1 0
SMC_RSI_IMG_SHARE_DETACH      80200000 1000 > RSI_SUCCESS 0
SMC_RSI_IMG_SHARE_ATTACH      1 33cc2000 80200000 94000 1000 1 > RSI_SUCCESS 1 0
SMC_RSI_IMG_SHARE_DETACH      80200000 1000 > RSI_SUCCESS 0
SMC_RSI_IMG_SHARE_ATTACH      1 33cc2000 80200000 95000 1000 1 > RSI_SUCCESS 1 0
SMC_RSI_IMG_SHARE_DETACH      80200000 1000 > RSI_SUCCESS 0
SMC_RSI_IMG_SHARE_ATTACH      1 33cc2000 80200000 96000 1000 1 > RSI_SUCCESS 1 0
SMC_RSI_IMG_SHARE_DETACH      80200000 1000 > RSI_SUCCESS 0
SMC_RSI_IMG_SHARE_ATTACH      1 33cc2000 80200000 97000 1000 1 > RSI_SUCCESS 1 0
SMC_RSI_IMG_SHARE_DETACH      80200000 1000 > RSI_SUCCESS 0
SMC_RSI_IMG_SHARE_ATTACH      1 33cc2000 80200000 98000 1000 1 > RSI_SUCCESS 1 0
SMC_RSI_IMG_SHARE_DETACH      80200000 1000 > RSI_SUCCESS 0
SMC_RSI_IMG_SHARE_ATTACH      1 33cc2000 80200000 99000 1000 1 > RSI_SUCCESS 1 0
SMC_RSI_IMG_SHARE_DETACH      80200000 1000 > RSI_SUCCESS 0
SMC_RSI_IMG_SHARE_ATTACH      1 33cc2000 80200000 9a000 1000 1 > RSI_SUCCESS 1 0
SMC_RSI_IMG_SHARE_DETACH      80200000 1000 > RSI_SUCCESS 0
SMC_RSI_IMG_SHARE_ATTACH      1 33cc2000 80200000 9b000 1000 1 > RSI_SUCCESS 1 0
SMC_RSI_IMG_SHARE_DETACH      80200000 1000 > RSI_SUCCESS 0
SMC_RSI_IMG_SHARE_ATTACH      1 33cc2000 80200000 9c000 1000 1 > RSI_SUCCESS 1 0
SMC_RSI_IMG_SHARE_DETACH      80200000 1000 > RSI_SUCCESS 0
SMC_RSI_IMG_SHARE_ATTACH      1 33cc2000 80200000 9d000 1000 1 > RSI_SUCCESS 1 0
SMC_RSI_IMG_SHARE_DETACH      80200000 1000 > RSI_SUCCESS 0
SMC_RSI_IMG_SHARE_ATTACH      1 33cc2000 80200000 9e000 1000 1 > RSI_SUCCESS 1 0
SMC_RSI_IMG_SHARE_DETACH      80200000 1000 > RSI_SUCCESS 0
SMC_RSI_IMG_SHARE_ATTACH      1 33cc2000 80200000 9f000 1000 1 > RSI_SUCCESS 1 0
SMC_RSI_IMG_SHARE_DETACH      80200000 1000 > RSI_SUCCESS 0
SMC_RSI_IMG_SHARE_ATTACH      1 33cc2000 80200000 a0000 1000 1 > RSI_SUCCESS 1 0
SMC_RSI_IMG_SHARE_DETACH      80200000 1000 > RSI_SUCCESS 0
SMC_RSI_IMG_SHARE_ATTACH      1 33cc2000 80200000 a1000 1000 1 > RSI_SUCCESS 1 0
SMC_RSI_IMG_SHARE_DETACH      80200000 1000 > RSI_SUCCESS 0
SMC_RSI_IMG_SHARE_ATTACH      1 33cc2000 80200000 a2000 1000 1 > RSI_SUCCESS 1 0
SMC_RSI_IMG_SHARE_DETACH      80200000 1000 > RSI_SUCCESS 0
SMC_RSI_IMG_SHARE_ATTACH      1 33cc2000 80200000 a3000 1000 1 > RSI_SUCCESS 1 0
SMC_RSI_IMG_SHARE_DETACH      80200000 1000 > RSI_SUCCESS 0
SMC_RSI_IMG_SHARE_ATTACH      1 33cc2000 80200000 a4000 1000 1 > RSI_SUCCESS 1 0
SMC_RSI_IMG_SHARE_DETACH      80200000 1000 > RSI_SUCCESS 0
SMC_RSI_IMG_SHARE_ATTACH      1 33cc2000 80200000 a5000 1000 1 > RSI_SUCCESS 1 0
SMC_RSI_IMG_SHARE_DETACH      80200000 1000 > RSI_SUCCESS 0
SMC_RSI_IMG_SHARE_ATTACH      1 33cc2000 80200000 a6000 1000 1 > RSI_SUCCESS 1 0
SMC_RSI_IMG_SHARE_DETACH      80200000 1000 > RSI_SUCCESS 0
SMC_RSI_IMG_SHARE_ATTACH      1 33cc2000 80200000 a7000 1000 1 > RSI_SUCCESS 1 0
SMC_RSI_IMG_SHARE_DETACH      80200000 1000 > RSI_SUCCESS 0
SMC_RSI_IMG_SHARE_ATTACH      1 33cc2000 80200000 a8000 1000 1 > RSI_SUCCESS 1 0
SMC_RSI_IMG_SHARE_DETACH      80200000 1000 > RSI_SUCCESS 0
SMC_RSI_IMG_SHARE_ATTACH      1 33cc2000 80200000 a9000 1000 1 > RSI_SUCCESS 1 0
SMC_RSI_IMG_SHARE_DETACH      80200000 1000 > RSI_SUCCESS 0
SMC_RSI_IMG_SHARE_ATTACH      1 33cc2000 80200000 aa000 1000 1 > RSI_SUCCESS 1 0
SMC_RSI_IMG_SHARE_DETACH      80200000 1000 > RSI_SUCCESS 0
SMC_RSI_IMG_SHARE_ATTACH      1 33cc2000 80200000 ab000 1000 1 > RSI_SUCCESS 1 0
SMC_RSI_IMG_SHARE_DETACH      80200000 1000 > RSI_SUCCESS 0
SMC_RSI_IMG_SHARE_ATTACH      1 33cc2000 80200000 ac000 1000 1 > RSI_SUCCESS 1 0
SMC_RSI_IMG_SHARE_DETACH      80200000 1000 > RSI_SUCCESS 0
SMC_RSI_IMG_SHARE_ATTACH      1 33cc2000 80200000 ad000 1000 1 > RSI_SUCCESS 1 0
SMC_RSI_IMG_SHARE_DETACH      80200000 1000 > RSI_SUCCESS 0
SMC_RSI_IMG_SHARE_ATTACH      1 33cc2000 80200000 ae000 1000 1 > RSI_SUCCESS 1 0
SMC_RSI_IMG_SHARE_DETACH      80200000 1000 > RSI_SUCCESS 0
SMC_RSI_IMG_SHARE_ATTACH      1 33cc2000 80200000 af000 1000 1 > RSI_SUCCESS 1 0
SMC_RSI_IMG_SHARE_DETACH      80200000 1000 > RSI_SUCCESS 0
SMC_RSI_IMG_SHARE_ATTACH      1 33cc2000 80200000 b0000 1000 1 > RSI_SUCCESS 1 0
SMC_RSI_IMG_SHARE_DETACH      80200000 1000 > RSI_SUCCESS 0
SMC_RSI_IMG_SHARE_ATTACH      1 33cc2000 80200000 b1000 1000 1 > RSI_SUCCESS 1 0
SMC_RSI_IMG_SHARE_DETACH      80200000 1000 > RSI_SUCCESS 0
SMC_RSI_IMG_SHARE_ATTACH      1 33cc2000 80200000 2b8000 1000 1 > RSI_SUCCESS 1 0
SMC_RSI_IMG_SHARE_DETACH      80200000 1000 > RSI_SUCCESS 0
SMC_RSI_IMG_SHARE_ATTACH      1 33cc2000 80200000 2b9000 1000 1 > RSI_SUCCESS 1 0
SMC_RSI_IMG_SHARE_DETACH      80200000 1000 > RSI_SUCCESS 0
SMC_RSI_IMG_SHARE_ATTACH      1 33cc2000 80200000 2ba000 1000 1 > RSI_SUCCESS 1 0
SMC_RSI_IMG_SHARE_DETACH      80200000 1000 > RSI_SUCCESS 0
SMC_RSI_IMG_SHARE_ATTACH      1 33cc2000 80200000 2bb000 1000 1 > RSI_SUCCESS 1 0
SMC_RSI_IMG_SHARE_DETACH      80200000 1000 > RSI_SUCCESS 0
SMC_RSI_IMG_SHARE_ATTACH      1 33cc2000 80200000 2bc000 1000 1 > RSI_SUCCESS 1 0
SMC_RSI_IMG_SHARE_DETACH      80200000 1000 > RSI_SUCCESS 0
SMC_RSI_IMG_SHARE_ATTACH      1 33cc2000 80200000 2bd000 1000 1 > RSI_SUCCESS 1 0
SMC_RSI_IMG_SHARE_DETACH      80200000 1000 > RSI_SUCCESS 0
SMC_RSI_IMG_SHARE_ATTACH      1 33cc2000 80200000 2be000 1000 1 > RSI_SUCCESS 1 0
SMC_RSI_IMG_SHARE_DETACH      80200000 1000 > RSI_SUCCESS 0
SMC_RSI_IMG_SHARE_ATTACH      1 33cc2000 80200000 2bf000 1000 1 > RSI_SUCCESS 1 0
SMC_RSI_IMG_SHARE_DETACH      80200000 1000 > RSI_SUCCESS 0
SMC_RSI_IMG_SHARE_ATTACH      1 33cc2000 80200000 2c0000 1000 1 > RSI_SUCCESS 1 0
SMC_RSI_IMG_SHARE_DETACH      80200000 1000 > RSI_SUCCESS 0
SMC_RSI_IMG_SHARE_ATTACH      1 33cc2000 80200000 2c1000 1000 1 > RSI_SUCCESS 1 0
SMC_RSI_IMG_SHARE_DETACH      80200000 1000 > RSI_SUCCESS 0
SMC_RSI_IMG_SHARE_ATTACH      1 33cc2000 80200000 2c2000 1000 1 > RSI_SUCCESS 1 0
SMC_RSI_IMG_SHARE_DETACH      80200000 1000 > RSI_SUCCESS 0
SMC_RSI_IMG_SHARE_ATTACH      1 33cc2000 80200000 2c3000 1000 1 > RSI_SUCCESS 1 0
SMC_RSI_IMG_SHARE_DETACH      80200000 1000 > RSI_SUCCESS 0
SMC_RSI_IMG_SHARE_ATTACH      1 33cc2000 80200000 2c4000 1000 1 > RSI_SUCCESS 1 0
SMC_RSI_IMG_SHARE_DETACH      80200000 1000 > RSI_SUCCESS 0
SMC_RSI_IMG_SHARE_ATTACH      1 33cc2000 80200000 2c5000 1000 1 > RSI_SUCCESS 1 0
SMC_RSI_IMG_SHARE_DETACH      80200000 1000 > RSI_SUCCESS 0
SMC_RSI_IMG_SHARE_ATTACH      1 33cc2000 80200000 2c6000 1000 1 > RSI_SUCCESS 1 0
SMC_RSI_IMG_SHARE_DETACH      80200000 1000 > RSI_SUCCESS 0
SMC_RSI_IMG_SHARE_ATTACH      1 33cc2000 80200000 2c7000 1000 1 > RSI_SUCCESS 1 0
SMC_RSI_IMG_SHARE_DETACH      80200000 1000 > RSI_SUCCESS 0
SMC_RSI_IMG_SHARE_ATTACH      1 33cc2000 80200000 2c8000 1000 1 > RSI_SUCCESS 1 0
SMC_RSI_IMG_SHARE_DETACH      80200000 1000 > RSI_SUCCESS 0
SMC_RSI_IMG_SHARE_ATTACH      1 33cc2000 80200000 2c9000 1000 1 > RSI_SUCCESS 1 0
SMC_RSI_IMG_SHARE_DETACH      80200000 1000 > RSI_SUCCESS 0
SMC_RSI_IMG_SHARE_ATTACH      1 33cc2000 80200000 2ca000 1000 1 > RSI_SUCCESS 1 0
SMC_RSI_IMG_SHARE_DETACH      80200000 1000 > RSI_SUCCESS 0
SMC_RSI_IMG_SHARE_ATTACH      1 33cc2000 80200000 2cb000 1000 1 > RSI_SUCCESS 1 0
SMC_RSI_IMG_SHARE_DETACH      80200000 1000 > RSI_SUCCESS 0
SMC_RSI_IMG_SHARE_ATTACH      1 33cc2000 80200000 2cc000 1000 1 > RSI_SUCCESS 1 0
SMC_RSI_IMG_SHARE_DETACH      80200000 1000 > RSI_SUCCESS 0
SMC_RSI_IMG_SHARE_ATTACH      1 33cc2000 80200000 2cd000 1000 1 > RSI_SUCCESS 1 0
SMC_RSI_IMG_SHARE_DETACH      80200000 1000 > RSI_SUCCESS 0
SMC_RSI_IMG_SHARE_ATTACH      1 33cc2000 80200000 2ce000 1000 1 > RSI_SUCCESS 1 0
SMC_RSI_IMG_SHARE_DETACH      80200000 1000 > RSI_SUCCESS 0
SMC_RSI_IMG_SHARE_ATTACH      1 33cc2000 80200000 2cf000 1000 1 > RSI_SUCCESS 1 0
SMC_RSI_IMG_SHARE_DETACH      80200000 1000 > RSI_SUCCESS 0
SMC_RSI_IMG_SHARE_ATTACH      1 33cc2000 80200000 2d0000 1000 1 > RSI_SUCCESS 1 0
SMC_RSI_IMG_SHARE_DETACH      80200000 1000 > RSI_SUCCESS 0
SMC_RSI_IMG_SHARE_ATTACH      1 33cc2000 80200000 2d1000 1000 1 > RSI_SUCCESS 1 0
SMC_RSI_IMG_SHARE_DETACH      80200000 1000 > RSI_SUCCESS 0
SMC_RSI_IMG_SHARE_ATTACH      1 33cc2000 80200000 2d2000 1000 1 > RSI_SUCCESS 1 0
SMC_RSI_IMG_SHARE_DETACH      80200000 1000 > RSI_SUCCESS 0
SMC_RSI_IMG_SHARE_ATTACH      1 33cc2000 80200000 2d3000 1000 1 > RSI_SUCCESS 1 0
SMC_RSI_IMG_SHARE_DETACH      80200000 1000 > RSI_SUCCESS 0
SMC_RSI_IMG_SHARE_ATTACH      1 33cc2000 80200000 2d4000 1000 1 > RSI_SUCCESS 1 0
SMC_RSI_IMG_SHARE_DETACH      80200000 1000 > RSI_SUCCESS 0
SMC_RSI_IMG_SHARE_ATTACH      1 33cc2000 80200000 2d5000 1000 1 > RSI_SUCCESS 1 0
SMC_RSI_IMG_SHARE_DETACH      80200000 1000 > RSI_SUCCESS 0
SMC_RSI_IMG_SHARE_ATTACH      1 33cc2000 80200000 2d6000 1000 1 > RSI_SUCCESS 1 0
SMC_RSI_IMG_SHARE_DETACH      80200000 1000 > RSI_SUCCESS 0
SMC_RSI_IMG_SHARE_ATTACH      1 33cc2000 80200000 2d7000 1000 1 > RSI_SUCCESS 1 0
SMC_RSI_IMG_SHARE_DETACH      80200000 1000 > RSI_SUCCESS 0
SMC_RSI_IMG_SHARE_ATTACH      1 33cc2000 80200000 b2000 1000 1 > RSI_SUCCESS 1 0
SMC_RSI_IMG_SHARE_DETACH      80200000 1000 > RSI_SUCCESS 0
SMC_RSI_IMG_SHARE_ATTACH      1 33cc2000 80200000 b3000 1000 1 > RSI_SUCCESS 1 0
SMC_RSI_IMG_SHARE_DETACH      80200000 1000 > RSI_SUCCESS 0
SMC_RSI_IMG_SHARE_ATTACH      1 33cc2000 80200000 b4000 1000 1 > RSI_SUCCESS 1 0
SMC_RSI_IMG_SHARE_DETACH      80200000 1000 > RSI_SUCCESS 0
SMC_RSI_IMG_SHARE_ATTACH      1 33cc2000 80200000 b5000 1000 1 > RSI_SUCCESS 1 0
SMC_RSI_IMG_SHARE_DETACH      80200000 1000 > RSI_SUCCESS 0
SMC_RSI_IMG_SHARE_ATTACH      1 33cc2000 80200000 b6000 1000 1 > RSI_SUCCESS 1 0
SMC_RSI_IMG_SHARE_DETACH      80200000 1000 > RSI_SUCCESS 0
SMC_RSI_IMG_SHARE_ATTACH      1 33cc2000 80200000 b7000 1000 1 > RSI_SUCCESS 1 0
SMC_RSI_IMG_SHARE_DETACH      80200000 1000 > RSI_SUCCESS 0
SMC_RSI_IMG_SHARE_ATTACH      1 33cc2000 80200000 b8000 1000 1 > RSI_SUCCESS 1 0
SMC_RSI_IMG_SHARE_DETACH      80200000 1000 > RSI_SUCCESS 0
SMC_RSI_IMG_SHARE_ATTACH      1 33cc2000 80200000 b9000 1000 1 > RSI_SUCCESS 1 0
SMC_RSI_IMG_SHARE_DETACH      80200000 1000 > RSI_SUCCESS 0
SMC_RSI_IMG_SHARE_ATTACH      1 33cc2000 80200000 ba000 1000 1 > RSI_SUCCESS 1 0
SMC_RSI_IMG_SHARE_DETACH      80200000 1000 > RSI_SUCCESS 0
SMC_RSI_IMG_SHARE_ATTACH      1 33cc2000 80200000 bb000 1000 1 > RSI_SUCCESS 1 0
SMC_RSI_IMG_SHARE_DETACH      80200000 1000 > RSI_SUCCESS 0
SMC_RSI_IMG_SHARE_ATTACH      1 33cc2000 80200000 bc000 1000 1 > RSI_SUCCESS 1 0
SMC_RSI_IMG_SHARE_DETACH      80200000 1000 > RSI_SUCCESS 0
SMC_RSI_IMG_SHARE_ATTACH      1 33cc2000 80200000 bd000 1000 1 > RSI_SUCCESS 1 0
SMC_RSI_IMG_SHARE_DETACH      80200000 1000 > RSI_SUCCESS 0
SMC_RSI_IMG_SHARE_ATTACH      1 33cc2000 80200000 be000 1000 1 > RSI_SUCCESS 1 0
SMC_RSI_IMG_SHARE_DETACH      80200000 1000 > RSI_SUCCESS 0
SMC_RSI_IMG_SHARE_ATTACH      1 33cc2000 80200000 bf000 1000 1 > RSI_SUCCESS 1 0
SMC_RSI_IMG_SHARE_DETACH      80200000 1000 > RSI_SUCCESS 0
SMC_RSI_IMG_SHARE_ATTACH      1 33cc2000 80200000 c0000 1000 1 > RSI_SUCCESS 1 0
SMC_RSI_IMG_SHARE_DETACH      80200000 1000 > RSI_SUCCESS 0
SMC_RSI_IMG_SHARE_ATTACH      1 33cc2000 80200000 c1000 1000 1 > RSI_SUCCESS 1 0
SMC_RSI_IMG_SHARE_DETACH      80200000 1000 > RSI_SUCCESS 0
SMC_RSI_IMG_SHARE_ATTACH      1 33cc2000 80200000 c2000 1000 1 > RSI_SUCCESS 1 0
SMC_RSI_IMG_SHARE_DETACH      80200000 1000 > RSI_SUCCESS 0
SMC_RSI_IMG_SHARE_ATTACH      1 33cc2000 80200000 c3000 1000 1 > RSI_SUCCESS 1 0
SMC_RSI_IMG_SHARE_DETACH      80200000 1000 > RSI_SUCCESS 0
SMC_RSI_IMG_SHARE_ATTACH      1 33cc2000 80200000 c4000 1000 1 > RSI_SUCCESS 1 0
SMC_RSI_IMG_SHARE_DETACH      80200000 1000 > RSI_SUCCESS 0
SMC_RSI_IMG_SHARE_ATTACH      1 33cc2000 80200000 1c5000 1000 1 > RSI_SUCCESS 1 0
SMC_RSI_IMG_SHARE_DETACH      80200000 1000 > RSI_SUCCESS 0
SMC_RSI_IMG_SHARE_ATTACH      1 33cc2000 80200000 1c6000 1000 1 > RSI_SUCCESS 1 0
SMC_RSI_IMG_SHARE_DETACH      80200000 1000 > RSI_SUCCESS 0
SMC_RSI_IMG_SHARE_ATTACH      1 33cc2000 80200000 1c7000 1000 1 > RSI_SUCCESS 1 0
SMC_RSI_IMG_SHARE_DETACH      80200000 1000 > RSI_SUCCESS 0
SMC_RSI_IMG_SHARE_ATTACH      1 33cc2000 80200000 1c8000 1000 1 > RSI_SUCCESS 1 0
SMC_RSI_IMG_SHARE_DETACH      80200000 1000 > RSI_SUCCESS 0
SMC_RSI_IMG_SHARE_ATTACH      1 33cc2000 80200000 1c9000 1000 1 > RSI_SUCCESS 1 0
SMC_RSI_IMG_SHARE_DETACH      80200000 1000 > RSI_SUCCESS 0
SMC_RSI_IMG_SHARE_ATTACH      1 33cc2000 80200000 1ca000 1000 1 > RSI_SUCCESS 1 0
SMC_RSI_IMG_SHARE_DETACH      80200000 1000 > RSI_SUCCESS 0
SMC_RSI_IMG_SHARE_ATTACH      1 33cc2000 80200000 1cb000 1000 1 > RSI_SUCCESS 1 0
SMC_RSI_IMG_SHARE_DETACH      80200000 1000 > RSI_SUCCESS 0
SMC_RSI_IMG_SHARE_ATTACH      1 33cc2000 80200000 1cc000 1000 1 > RSI_SUCCESS 1 0
SMC_RSI_IMG_SHARE_DETACH      80200000 1000 > RSI_SUCCESS 0
SMC_RSI_IMG_SHARE_ATTACH      1 33cc2000 80200000 1cd000 1000 1 > RSI_SUCCESS 1 0
SMC_RSI_IMG_SHARE_DETACH      80200000 1000 > RSI_SUCCESS 0
SMC_RSI_IMG_SHARE_ATTACH      1 33cc2000 80200000 1ce000 1000 1 > RSI_SUCCESS 1 0
SMC_RSI_IMG_SHARE_DETACH      80200000 1000 > RSI_SUCCESS 0
SMC_RSI_IMG_SHARE_ATTACH      1 33cc2000 80200000 1cf000 1000 1 > RSI_SUCCESS 1 0
SMC_RSI_IMG_SHARE_DETACH      80200000 1000 > RSI_SUCCESS 0
SMC_RSI_IMG_SHARE_ATTACH      1 33cc2000 80200000 1d0000 1000 1 > RSI_SUCCESS 1 0
SMC_RSI_IMG_SHARE_DETACH      80200000 1000 > RSI_SUCCESS 0
SMC_RSI_IMG_SHARE_ATTACH      1 33cc2000 80200000 1d1000 1000 1 > RSI_SUCCESS 1 0
SMC_RSI_IMG_SHARE_DETACH      80200000 1000 > RSI_SUCCESS 0
SMC_RSI_IMG_SHARE_ATTACH      1 33cc2000 80200000 1d2000 1000 1 > RSI_SUCCESS 1 0
SMC_RSI_IMG_SHARE_DETACH      80200000 1000 > RSI_SUCCESS 0
SMC_RSI_IMG_SHARE_ATTACH      1 33cc2000 80200000 1d3000 1000 1 > RSI_SUCCESS 1 0
SMC_RSI_IMG_SHARE_DETACH      80200000 1000 > RSI_SUCCESS 0
SMC_RSI_IMG_SHARE_ATTACH      1 33cc2000 80200000 1d4000 1000 1 > RSI_SUCCESS 1 0
SMC_RSI_IMG_SHARE_DETACH      80200000 1000 > RSI_SUCCESS 0
SMC_RSI_IMG_SHARE_ATTACH      1 33cc2000 80200000 1d5000 1000 1 > RSI_SUCCESS 1 0
SMC_RSI_IMG_SHARE_DETACH      80200000 1000 > RSI_SUCCESS 0
SMC_RSI_IMG_SHARE_ATTACH      1 33cc2000 80200000 1d6000 1000 1 > RSI_SUCCESS 1 0
SMC_RSI_IMG_SHARE_DETACH      80200000 1000 > RSI_SUCCESS 0
SMC_RSI_IMG_SHARE_ATTACH      1 33cc2000 80200000 1d7000 1000 1 > RSI_SUCCESS 1 0
SMC_RSI_IMG_SHARE_DETACH      80200000 1000 > RSI_SUCCESS 0
SMC_RSI_IMG_SHARE_ATTACH      1 33cc2000 80200000 1d8000 1000 1 > RSI_SUCCESS 1 0
SMC_RSI_IMG_SHARE_DETACH      80200000 1000 > RSI_SUCCESS 0
SMC_RSI_IMG_SHARE_ATTACH      1 33cc2000 80200000 1d9000 1000 1 > RSI_SUCCESS 1 0
SMC_RSI_IMG_SHARE_DETACH      80200000 1000 > RSI_SUCCESS 0
SMC_RSI_IMG_SHARE_ATTACH      1 33cc2000 80200000 1da000 1000 1 > RSI_SUCCESS 1 0
SMC_RSI_IMG_SHARE_DETACH      80200000 1000 > RSI_SUCCESS 0
SMC_RSI_IMG_SHARE_ATTACH      1 33cc2000 80200000 1db000 1000 1 > RSI_SUCCESS 1 0
SMC_RSI_IMG_SHARE_DETACH      80200000 1000 > RSI_SUCCESS 0
SMC_RSI_IMG_SHARE_ATTACH      1 33cc2000 80200000 1dc000 1000 1 > RSI_SUCCESS 1 0
SMC_RSI_IMG_SHARE_DETACH      80200000 1000 > RSI_SUCCESS 0
SMC_RSI_IMG_SHARE_ATTACH      1 33cc2000 80200000 1dd000 1000 1 > RSI_SUCCESS 1 0
SMC_RSI_IMG_SHARE_DETACH      80200000 1000 > RSI_SUCCESS 0
SMC_RMI_DATA_DESTROY          5565e000 0 > RMI_ERROR_RTT 1 0 80000000
SMC_RMI_DATA_DESTROY          5565e000 80000000 > RMI_ERROR_RTT 2 0 80200000
SMC_RMI_DATA_DESTROY          5565e000 80200000 > RMI_ERROR_RTT 3 0 80201000
SMC_RMI_DATA_DESTROY          5565e000 84600000 > RMI_ERROR_RTT 2 0 84800000
SMC_RMI_DATA_DESTROY          5565e000 85200000 > RMI_ERROR_RTT 2 0 85400000
SMC_RMI_DATA_DESTROY          5565e000 88800000 > RMI_ERROR_RTT 2 0 99400000
SMC_RMI_DATA_DESTROY          5565e000 99400000 > RMI_ERROR_RTT 3 0 99600000
SMC_RMI_DATA_DESTROY          5565e000 99600000 > RMI_ERROR_RTT 3 0 99800000
SMC_RMI_DATA_DESTROY          5565e000 99800000 > RMI_ERROR_RTT 3 0 99a00000
SMC_RMI_DATA_DESTROY          5565e000 99a00000 > RMI_ERROR_RTT 3 0 99c00000
SMC_RMI_DATA_DESTROY          5565e000 99c00000 > RMI_ERROR_RTT 3 0 99e00000
SMC_RMI_DATA_DESTROY          5565e000 99e00000 > RMI_ERROR_RTT 3 0 9a000000
SMC_RMI_DATA_DESTROY          5565e000 9a000000 > RMI_ERROR_RTT 3 0 9a200000
SMC_RMI_DATA_DESTROY          5565e000 9a200000 > RMI_ERROR_RTT 3 0 9a400000
SMC_RMI_DATA_DESTROY          5565e000 9a400000 > RMI_ERROR_RTT 3 0 9a600000
SMC_RMI_DATA_DESTROY          5565e000 9a600000 > RMI_ERROR_RTT 3 0 9a800000
SMC_RMI_DATA_DESTROY          5565e000 9a800000 > RMI_ERROR_RTT 3 0 9aa00000
SMC_RMI_DATA_DESTROY          5565e000 9aa00000 > RMI_ERROR_RTT 3 0 9ac00000
SMC_RMI_DATA_DESTROY          5565e000 9ac00000 > RMI_ERROR_RTT 3 0 9ae00000
SMC_RMI_DATA_DESTROY          5565e000 9ae00000 > RMI_ERROR_RTT 3 0 9b000000
SMC_RMI_DATA_DESTROY          5565e000 9b000000 > RMI_ERROR_RTT 3 0 9b200000
SMC_RMI_DATA_DESTROY          5565e000 9b200000 > RMI_ERROR_RTT 3 0 9b400000
SMC_RMI_DATA_DESTROY          5565e000 9b400000 > RMI_ERROR_RTT 3 0 9b600000
SMC_RMI_DATA_DESTROY          5565e000 9b600000 > RMI_ERROR_RTT 3 0 9b800000
SMC_RMI_DATA_DESTROY          5565e000 9b800000 > RMI_ERROR_RTT 3 0 9ba00000
SMC_RMI_DATA_DESTROY          5565e000 9ba00000 > RMI_ERROR_RTT 3 0 9bc00000
SMC_RMI_DATA_DESTROY          5565e000 9bc00000 > RMI_ERROR_RTT 3 0 9be00000
SMC_RMI_DATA_DESTROY          5565e000 9be00000 > RMI_ERROR_RTT 3 0 9c000000
SMC_RMI_DATA_DESTROY          5565e000 9c000000 > RMI_ERROR_RTT 3 0 9c200000
SMC_RMI_DATA_DESTROY          5565e000 9c200000 > RMI_ERROR_RTT 3 0 9c400000
SMC_RMI_DATA_DESTROY          5565e000 9c400000 > RMI_ERROR_RTT 3 0 9c600000
SMC_RMI_DATA_DESTROY          5565e000 9c600000 > RMI_ERROR_RTT 3 0 9c800000
SMC_RMI_DATA_DESTROY          5565e000 9c800000 > RMI_ERROR_RTT 3 0 9ca00000
SMC_RMI_DATA_DESTROY          5565e000 9ca00000 > RMI_ERROR_RTT 3 0 9cc00000
SMC_RMI_DATA_DESTROY          5565e000 9cc00000 > RMI_ERROR_RTT 3 0 9ce00000
SMC_RMI_DATA_DESTROY          5565e000 9ce00000 > RMI_ERROR_RTT 3 0 9d000000
SMC_RMI_DATA_DESTROY          5565e000 9d000000 > RMI_ERROR_RTT 3 0 9d200000
SMC_RMI_DATA_DESTROY          5565e000 9d200000 > RMI_ERROR_RTT 3 0 9d400000
SMC_RMI_DATA_DESTROY          5565e000 9d400000 > RMI_ERROR_RTT 3 0 9d600000
SMC_RMI_DATA_DESTROY          5565e000 9d600000 > RMI_ERROR_RTT 2 0 9f400000
SMC_RMI_DATA_DESTROY          5565e000 a0000000 > RMI_ERROR_RTT 2 0 c0000000
SMC_RMI_DATA_DESTROY          5565e000 c0000000 > RMI_ERROR_RTT 1 0 4080000000
SMC_RMI_RTT_DESTROY           5565e000 0 2 > RMI_ERROR_RTT 1 0 80000000
SMC_RMI_RTT_DESTROY           5565e000 80000000 2 > RMI_ERROR_RTT 2 0 80000000
SMC_RMI_RTT_DESTROY           5565e000 80000000 3 > RMI_ERROR_RTT 2 0 80200000
SMC_RMI_RTT_DESTROY           5565e000 80200000 3 > RMI_ERROR_RTT 3 0 80200000
[  922.329540] ------------[ cut here ]------------
[  922.329964] WARNING: CPU: 0 PID: 1807 at arch/arm64/kvm/rme.c:534 realm_tear_down_rtt_level+0x2b0/0x2c0
[  922.330802] Modules linked in: xt_MASQUERADE vhost_vsock vhost vhost_iotlb iptable_nat nf_nat nf_conntrack nf_defrag_ipv6 nf_defrag_ipv4 libcrc32c act_mirred cls_flower sch_ingress veth bridge stp llc rtw89_8852be hantro_vpu rtw89_8852b synopsys_hdmirx rockchip_vdec2 crct10dif_ce v4l2_vp9 rtw89_8852b_common v4l2_jpeg rockchip_saradc v4l2_h264 v4l2_dv_timings v4l2_mem2mem pwm_fan snd_soc_es8316 rtw89_pci industrialio_triggered_buffer rk805_pwrkey videobuf2_dma_contig rockchip_thermal kfifo_buf display_connector snd_soc_rockchip_i2s_tdm videobuf2_memops rtw89_core videobuf2_v4l2 videodev videobuf2_common panthor mc mac80211 drm_gpuvm drm_exec drm_shmem_helper libarc4 snd_soc_audio_graph_card gpu_sched snd_soc_simple_card_utils pci_endpoint_test cfg80211 rfkill binfmt_misc dm_mod ip_tables x_tables ipv6 r8169 rtc_hym8563 phy_rockchip_naneng_combphy phy_rockchip_samsung_hdptx phy_rockchip_usbdp typec spi_rockchip_sfc rockchipdrm analogix_dp dw_hdmi cec dw_hdmi_qp dw_mipi_dsi drm_display_helper drm_dma_helper
[  922.330997]  drm_kms_helper drm backlight
[  922.339104] CPU: 0 UID: 0 PID: 1807 Comm: fc_vcpu 0 Not tainted 6.12.0-opencca-wip #1
[  922.339795] Hardware name: Radxa ROCK 5B (DT)
[  922.340181] pstate: 60400009 (nZCv daif +PAN -UAO -TCO -DIT -SSBS BTYPE=--)
[  922.340795] pc : realm_tear_down_rtt_level+0x2b0/0x2c0
[  922.341252] lr : realm_tear_down_rtt_level+0x178/0x2c0
[  922.341708] sp : ffff8000865c3880
[  922.342003] x29: ffff8000865c3880 x28: 00000000c0000000 x27: 00000000c400015e
[  922.342637] x26: 0000000000000003 x25: 0000000080400000 x24: 0010000000000000
[  922.343271] x23: ffffffffffe00000 x22: ffff80008426de28 x21: 0000000000200000
[  922.343906] x20: 0000000000000003 x19: 0000000080200000 x18: 0000000000000000
[  922.344539] x17: 0000000000000000 x16: 0000000000000000 x15: 00000015ffffffea
[  922.345173] x14: 0000000000000331 x13: 0000000000000331 x12: 0000000000000000
[  922.345807] x11: 0000000000000160 x10: 0000000000000ab0 x9 : ffff8000865c3890
[  922.346441] x8 : ffff0000554e8b10 x7 : 0000000080200000 x6 : 0000000000000000
[  922.347075] x5 : 0000000038e38e39 x4 : 0000000080400000 x3 : 0000000000000000
[  922.347709] x2 : 0000000080200000 x1 : 0000000000000003 x0 : 0000000000000004
[  922.348344] Call trace:
[  922.348562]  realm_tear_down_rtt_level+0x2b0/0x2c0
[  922.348989]  realm_tear_down_rtt_level+0x1e0/0x2c0
[  922.349415]  kvm_realm_destroy_rtts+0x40/0x60
[  922.349803]  kvm_free_stage2_pgd+0xb8/0xd8
[  922.350170]  kvm_uninit_stage2_mmu+0x1c/0x34
[  922.350550]  kvm_arch_flush_shadow_all+0x70/0x88
[  922.350963]  kvm_mmu_notifier_release+0x30/0x84
[  922.351366]  __mmu_notifier_release+0x74/0x1e8
[  922.351764]  exit_mmap+0x394/0x3f4
[  922.352071]  __mmput+0x48/0x124
[  922.352354]  mmput+0x50/0x5c
[  922.352612]  do_exit+0x284/0x9c4
[  922.352903]  do_group_exit+0x34/0x90
[  922.353224]  get_signal+0x9b8/0x9c4
[  922.353537]  do_signal+0x8c/0x10b8
[  922.353841]  do_notify_resume+0xd4/0x180
[  922.354193]  el0_svc+0xdc/0xf0
[  922.354470]  el0t_64_sync_handler+0x13c/0x158
[  922.354859]  el0t_64_sync+0x1a4/0x1a8
[  922.355186] ---[ end trace 0000000000000000 ]---
[  922.387086] ------------[ cut here ]------------
[  922.387500] WARNING: CPU: 0 PID: 1807 at arch/arm64/kvm/rme.c:658 kvm_realm_destroy_rtts+0x50/0x60
[  922.388295] Modules linked in: xt_MASQUERADE vhost_vsock vhost vhost_iotlb iptable_nat nf_nat nf_conntrack nf_defrag_ipv6 nf_defrag_ipv4 libcrc32c act_mirred cls_flower sch_ingress veth bridge stp llc rtw89_8852be hantro_vpu rtw89_8852b synopsys_hdmirx rockchip_vdec2 crct10dif_ce v4l2_vp9 rtw89_8852b_common v4l2_jpeg rockchip_saradc v4l2_h264 v4l2_dv_timings v4l2_mem2mem pwm_fan snd_soc_es8316 rtw89_pci industrialio_triggered_buffer rk805_pwrkey videobuf2_dma_contig rockchip_thermal kfifo_buf display_connector snd_soc_rockchip_i2s_tdm videobuf2_memops rtw89_core videobuf2_v4l2 videodev videobuf2_common panthor mc mac80211 drm_gpuvm drm_exec drm_shmem_helper libarc4 snd_soc_audio_graph_card gpu_sched snd_soc_simple_card_utils pci_endpoint_test cfg80211 rfkill binfmt_misc dm_mod ip_tables x_tables ipv6 r8169 rtc_hym8563 phy_rockchip_naneng_combphy phy_rockchip_samsung_hdptx phy_rockchip_usbdp typec spi_rockchip_sfc rockchipdrm analogix_dp dw_hdmi cec dw_hdmi_qp dw_mipi_dsi drm_display_helper drm_dma_helper
[  922.388474]  drm_kms_helper drm backlight
[  922.396580] CPU: 0 UID: 0 PID: 1807 Comm: fc_vcpu 0 Tainted: G        W          6.12.0-opencca-wip #1
[  922.397400] Tainted: [W]=WARN
[  922.397664] Hardware name: Radxa ROCK 5B (DT)
[  922.398051] pstate: 60400009 (nZCv daif +PAN -UAO -TCO -DIT -SSBS BTYPE=--)
[  922.398664] pc : kvm_realm_destroy_rtts+0x50/0x60
[  922.399082] lr : kvm_realm_destroy_rtts+0x40/0x60
[  922.399500] sp : ffff8000865c3960
[  922.399795] x29: ffff8000865c3960 x28: ffff0000554e8000 x27: 0000000000000000
[  922.400430] x26: 0000000000000009 x25: 0000000000000000 x24: ffff000015964140
[  922.401063] x23: 0000000000000000 x22: ffff80008426d9c8 x21: ffff0000555a9d40
[  922.401698] x20: ffff80008426d000 x19: ffff80008426d9c8 x18: 0000000000000000
[  922.402332] x17: 0000000000000000 x16: 0000000000000000 x15: 00000015ffffffea
[  922.402965] x14: 0000000000000331 x13: 0000000000000331 x12: 0000000000000000
[  922.403598] x11: 0000000000000160 x10: 0000000000000ab0 x9 : ffff8000865c3890
[  922.404232] x8 : ffff0000554e8b10 x7 : 0000000080200000 x6 : 0000000000000000
[  922.404865] x5 : 0000000038e38e39 x4 : 0000000080400000 x3 : 0000000000000000
[  922.405498] x2 : 0000000080200000 x1 : 0000000000000003 x0 : 00000000fffffff0
[  922.406132] Call trace:
[  922.406350]  kvm_realm_destroy_rtts+0x50/0x60
[  922.406739]  kvm_free_stage2_pgd+0xb8/0xd8
[  922.407104]  kvm_uninit_stage2_mmu+0x1c/0x34
[  922.407485]  kvm_arch_flush_shadow_all+0x70/0x88
[  922.407898]  kvm_mmu_notifier_release+0x30/0x84
[  922.408301]  __mmu_notifier_release+0x74/0x1e8
[  922.408697]  exit_mmap+0x394/0x3f4
[  922.409003]  __mmput+0x48/0x124
[  922.409286]  mmput+0x50/0x5c
[  922.409545]  do_exit+0x284/0x9c4
[  922.409834]  do_group_exit+0x34/0x90
[  922.410155]  get_signal+0x9b8/0x9c4
[  922.410467]  do_signal+0x8c/0x10b8
[  922.410772]  do_notify_resume+0xd4/0x180
[  922.411123]  el0_svc+0xdc/0xf0
[  922.411399]  el0t_64_sync_handler+0x13c/0x158
[  922.411787]  el0t_64_sync+0x1a4/0x1a8
[  922.412115] ---[ end trace 0000000000000000 ]---
SMC_RMI_DATA_DESTROY          5565e000 80000000 > RMI_ERROR_RTT 2 0 80200000
SMC_RMI_DATA_DESTROY          5565e000 80200000 > RMI_ERROR_RTT 3 0 80400000
SMC_RMI_DATA_DESTROY          5565e000 80400000 > RMI_ERROR_RTT 2 0 83800000
SMC_RMI_DATA_DESTROY          5565e000 83800000 > RMI_ERROR_RTT 3 0 83a00000
SMC_RMI_DATA_DESTROY          5565e000 83a00000 > RMI_ERROR_RTT 2 0 83c00000
SMC_RMI_DATA_DESTROY          5565e000 83c00000 > RMI_ERROR_RTT 3 0 83e00000
SMC_RMI_DATA_DESTROY          5565e000 83e00000 > RMI_ERROR_RTT 3 0 84000000
SMC_RMI_DATA_DESTROY          5565e000 84000000 > RMI_ERROR_RTT 2 0 84200000
SMC_RMI_DATA_DESTROY          5565e000 84200000 > RMI_ERROR_RTT 3 0 84400000
SMC_RMI_DATA_DESTROY          5565e000 84400000 > RMI_ERROR_RTT 3 0 84600000
SMC_RMI_DATA_DESTROY          5565e000 84600000 > RMI_ERROR_RTT 2 0 84a00000
SMC_RMI_DATA_DESTROY          5565e000 84a00000 > RMI_ERROR_RTT 3 0 84c00000
SMC_RMI_DATA_DESTROY          5565e000 84c00000 > RMI_ERROR_RTT 3 0 84e00000
SMC_RMI_DATA_DESTROY          5565e000 84e00000 > RMI_ERROR_RTT 2 0 85000000
SMC_RMI_DATA_DESTROY          5565e000 85000000 > RMI_ERROR_RTT 3 0 85200000
SMC_RMI_DATA_DESTROY          5565e000 85200000 > RMI_ERROR_RTT 2 0 88600000
SMC_RMI_DATA_DESTROY          5565e000 88600000 > RMI_ERROR_RTT 3 0 88800000
SMC_RMI_DATA_DESTROY          5565e000 88800000 > RMI_ERROR_RTT 2 0 9d400000
SMC_RMI_DATA_DESTROY          5565e000 9d400000 > RMI_ERROR_RTT 3 0 9d600000
SMC_RMI_DATA_DESTROY          5565e000 9d600000 > RMI_ERROR_RTT 2 0 c0000000
SMC_RMI_REC_DESTROY           5dd69000 > RMI_SUCCESS
SMC_RMI_REALM_DESTROY         5565e000 > RMI_ERROR_REALM
[  922.864264] ------------[ cut here ]------------
[  922.864688] WARNING: CPU: 0 PID: 1807 at arch/arm64/kvm/rme.c:1390 kvm_destroy_realm+0x278/0x294
[  922.865472] Modules linked in: xt_MASQUERADE vhost_vsock vhost vhost_iotlb iptable_nat nf_nat nf_conntrack nf_defrag_ipv6 nf_defrag_ipv4 libcrc32c act_mirred cls_flower sch_ingress veth bridge stp llc rtw89_8852be hantro_vpu rtw89_8852b synopsys_hdmirx rockchip_vdec2 crct10dif_ce v4l2_vp9 rtw89_8852b_common v4l2_jpeg rockchip_saradc v4l2_h264 v4l2_dv_timings v4l2_mem2mem pwm_fan snd_soc_es8316 rtw89_pci industrialio_triggered_buffer rk805_pwrkey videobuf2_dma_contig rockchip_thermal kfifo_buf display_connector snd_soc_rockchip_i2s_tdm videobuf2_memops rtw89_core videobuf2_v4l2 videodev videobuf2_common panthor mc mac80211 drm_gpuvm drm_exec drm_shmem_helper libarc4 snd_soc_audio_graph_card gpu_sched snd_soc_simple_card_utils pci_endpoint_test cfg80211 rfkill binfmt_misc dm_mod ip_tables x_tables ipv6 r8169 rtc_hym8563 phy_rockchip_naneng_combphy phy_rockchip_samsung_hdptx phy_rockchip_usbdp typec spi_rockchip_sfc rockchipdrm analogix_dp dw_hdmi cec dw_hdmi_qp dw_mipi_dsi drm_display_helper drm_dma_helper
[  922.865668]  drm_kms_helper drm backlight
[  922.873776] CPU: 0 UID: 0 PID: 1807 Comm: fc_vcpu 0 Tainted: G        W          6.12.0-opencca-wip #1
[  922.874597] Tainted: [W]=WARN
[  922.874861] Hardware name: Radxa ROCK 5B (DT)
[  922.875247] pstate: 60400009 (nZCv daif +PAN -UAO -TCO -DIT -SSBS BTYPE=--)
[  922.875861] pc : kvm_destroy_realm+0x278/0x294
[  922.876258] lr : kvm_destroy_realm+0xa0/0x294
[  922.876646] sp : ffff8000865c3a80
[  922.876940] x29: ffff8000865c3a80 x28: ffff0000554e8000 x27: 0000000000000000
[  922.877575] x26: 0000000000000009 x25: ffff0000554e8600 x24: ffff00001073d888
[  922.878209] x23: ffff0000555a9d40 x22: ffff000015964100 x21: ffff80008426d000
[  922.878843] x20: 000000005565e000 x19: ffff80008426de28 x18: 0000000000000000
[  922.879477] x17: ffff80006d51d000 x16: ffff800080000000 x15: 0000b13954063f68
[  922.880110] x14: 000000000000027c x13: 000000000000027c x12: 0000000000000000
[  922.880743] x11: 000000000000003f x10: 0000000000000002 x9 : 0000000000000001
[  922.881377] x8 : 0000000000000000 x7 : ffff8000865c3a30 x6 : 0000000000000000
[  922.882011] x5 : 0000000000000000 x4 : ffff0000554e8000 x3 : 0000000000000000
[  922.882645] x2 : 0000000000000000 x1 : 0000000000000000 x0 : 0000000000000002
[  922.883278] Call trace:
[  922.883497]  kvm_destroy_realm+0x278/0x294
[  922.883862]  kvm_arch_destroy_vm+0x90/0xc8
[  922.884229]  kvm_destroy_vm+0x13c/0x274
[  922.884572]  kvm_vm_release+0x84/0xb4
[  922.884900]  __fput+0xcc/0x2d4
[  922.885177]  ____fput+0x14/0x20
[  922.885460]  task_work_run+0x6c/0xc8
[  922.885781]  do_exit+0x2e4/0x9c4
[  922.886072]  do_group_exit+0x34/0x90
[  922.886393]  get_signal+0x9b8/0x9c4
[  922.886707]  do_signal+0x8c/0x10b8
[  922.887011]  do_notify_resume+0xd4/0x180
[  922.887363]  el0_svc+0xdc/0xf0
[  922.887640]  el0t_64_sync_handler+0x13c/0x158
[  922.888028]  el0t_64_sync+0x1a4/0x1a8
[  922.888355] ---[ end trace 0000000000000000 ]---
[  923.011374] coco0: port 2(vethee2db0ae) entered disabled state
[  923.348373] coco0: port 2(vethee2db0ae) entered disabled state
[  923.349933] vethee2db0ae (unregistering): left allmulticast mode
[  923.350477] vethee2db0ae (unregistering): left promiscuous mode
[  923.351007] coco0: port 2(vethee2db0ae) entered disabled state